<?xml version="1.0" encoding="UTF-8"?>
<!-- Generated by org.testng.reporters.JUnitReportReporter -->
<testsuite skipped="0" hostname="Praveen-PC" name="com.runnerclass.Runnerclass" tests="1" failures="0" timestamp="13 May 2018 13:46:09 GMT" time="18.020" errors="0">
  <testcase name="feature" time="18.020" classname="com.runnerclass.Runnerclass"/>
</testsuite> <!-- com.runnerclass.Runnerclass -->
